2013/07/05 07:24:28 [error] [exception.CHttpException.404] exception 'CHttpException' with message 'Unable to resolve the request "favicon.ico".' in C:\wamp\www\tongxuelu\protected\yii\framework\web\CWebApplication.php:286
Stack trace:
#0 C:\wamp\www\tongxuelu\protected\yii\framework\web\CWebApplication.php(141): CWebApplication->runController('favicon.ico')
#1 C:\wamp\www\tongxuelu\protected\yii\framework\base\CApplication.php(169): CWebApplication->processRequest()
#2 C:\wamp\www\tongxuelu\index.php(13): CApplication->run()
#3 {main}
REQUEST_URI=/favicon.ico
---
2013/07/05 07:35:13 [error] [exception.CHttpException.404] exception 'CHttpException' with message 'Unable to resolve the request "favicon.ico".' in C:\wamp\www\tongxuelu\protected\yii\framework\web\CWebApplication.php:286
Stack trace:
#0 C:\wamp\www\tongxuelu\protected\yii\framework\web\CWebApplication.php(141): CWebApplication->runController('favicon.ico')
#1 C:\wamp\www\tongxuelu\protected\yii\framework\base\CApplication.php(169): CWebApplication->processRequest()
#2 C:\wamp\www\tongxuelu\index.php(13): CApplication->run()
#3 {main}
REQUEST_URI=/favicon.ico
---
2013/07/05 08:22:42 [error] [exception.CHttpException.404] exception 'CHttpException' with message 'Unable to resolve the request "favicon.ico".' in C:\wamp\www\tongxuelu\protected\yii\framework\web\CWebApplication.php:286
Stack trace:
#0 C:\wamp\www\tongxuelu\protected\yii\framework\web\CWebApplication.php(141): CWebApplication->runController('favicon.ico')
#1 C:\wamp\www\tongxuelu\protected\yii\framework\base\CApplication.php(169): CWebApplication->processRequest()
#2 C:\wamp\www\tongxuelu\index.php(13): CApplication->run()
#3 {main}
REQUEST_URI=/favicon.ico
---
2013/07/05 08:45:46 [error] [exception.CHttpException.404] exception 'CHttpException' with message 'Unable to resolve the request "favicon.ico".' in C:\wamp\www\tongxuelu\protected\yii\framework\web\CWebApplication.php:286
Stack trace:
#0 C:\wamp\www\tongxuelu\protected\yii\framework\web\CWebApplication.php(141): CWebApplication->runController('favicon.ico')
#1 C:\wamp\www\tongxuelu\protected\yii\framework\base\CApplication.php(169): CWebApplication->processRequest()
#2 C:\wamp\www\tongxuelu\index.php(13): CApplication->run()
#3 {main}
REQUEST_URI=/favicon.ico
---
2013/07/05 08:53:43 [error] [exception.CHttpException.404] exception 'CHttpException' with message 'Unable to resolve the request "favicon.ico".' in C:\wamp\www\tongxuelu\protected\yii\framework\web\CWebApplication.php:286
Stack trace:
#0 C:\wamp\www\tongxuelu\protected\yii\framework\web\CWebApplication.php(141): CWebApplication->runController('favicon.ico')
#1 C:\wamp\www\tongxuelu\protected\yii\framework\base\CApplication.php(169): CWebApplication->processRequest()
#2 C:\wamp\www\tongxuelu\index.php(13): CApplication->run()
#3 {main}
REQUEST_URI=/favicon.ico
---
2013/07/05 09:15:44 [error] [exception.CHttpException.404] exception 'CHttpException' with message 'Unable to resolve the request "favicon.ico".' in C:\wamp\www\tongxuelu\protected\yii\framework\web\CWebApplication.php:286
Stack trace:
#0 C:\wamp\www\tongxuelu\protected\yii\framework\web\CWebApplication.php(141): CWebApplication->runController('favicon.ico')
#1 C:\wamp\www\tongxuelu\protected\yii\framework\base\CApplication.php(169): CWebApplication->processRequest()
#2 C:\wamp\www\tongxuelu\index.php(13): CApplication->run()
#3 {main}
REQUEST_URI=/favicon.ico
---
2013/07/08 03:02:47 [error] [exception.CHttpException.404] exception 'CHttpException' with message 'Unable to resolve the request "favicon.ico".' in C:\wamp\www\tongxuelu\protected\yii\framework\web\CWebApplication.php:286
Stack trace:
#0 C:\wamp\www\tongxuelu\protected\yii\framework\web\CWebApplication.php(141): CWebApplication->runController('favicon.ico')
#1 C:\wamp\www\tongxuelu\protected\yii\framework\base\CApplication.php(169): CWebApplication->processRequest()
#2 C:\wamp\www\tongxuelu\index.php(13): CApplication->run()
#3 {main}
REQUEST_URI=/favicon.ico
---
2013/07/08 03:02:50 [error] [exception.CHttpException.404] exception 'CHttpException' with message 'Unable to resolve the request "favicon.ico".' in C:\wamp\www\tongxuelu\protected\yii\framework\web\CWebApplication.php:286
Stack trace:
#0 C:\wamp\www\tongxuelu\protected\yii\framework\web\CWebApplication.php(141): CWebApplication->runController('favicon.ico')
#1 C:\wamp\www\tongxuelu\protected\yii\framework\base\CApplication.php(169): CWebApplication->processRequest()
#2 C:\wamp\www\tongxuelu\index.php(13): CApplication->run()
#3 {main}
REQUEST_URI=/favicon.ico
---
2013/07/08 03:02:56 [error] [exception.CHttpException.404] exception 'CHttpException' with message 'Unable to resolve the request "favicon.ico".' in C:\wamp\www\tongxuelu\protected\yii\framework\web\CWebApplication.php:286
Stack trace:
#0 C:\wamp\www\tongxuelu\protected\yii\framework\web\CWebApplication.php(141): CWebApplication->runController('favicon.ico')
#1 C:\wamp\www\tongxuelu\protected\yii\framework\base\CApplication.php(169): CWebApplication->processRequest()
#2 C:\wamp\www\tongxuelu\index.php(13): CApplication->run()
#3 {main}
REQUEST_URI=/favicon.ico
---
2013/07/08 03:02:58 [error] [exception.CHttpException.404] exception 'CHttpException' with message 'Unable to resolve the request "favicon.ico".' in C:\wamp\www\tongxuelu\protected\yii\framework\web\CWebApplication.php:286
Stack trace:
#0 C:\wamp\www\tongxuelu\protected\yii\framework\web\CWebApplication.php(141): CWebApplication->runController('favicon.ico')
#1 C:\wamp\www\tongxuelu\protected\yii\framework\base\CApplication.php(169): CWebApplication->processRequest()
#2 C:\wamp\www\tongxuelu\index.php(13): CApplication->run()
#3 {main}
REQUEST_URI=/favicon.ico
---
2013/07/08 03:02:59 [error] [exception.CHttpException.404] exception 'CHttpException' with message 'Unable to resolve the request "favicon.ico".' in C:\wamp\www\tongxuelu\protected\yii\framework\web\CWebApplication.php:286
Stack trace:
#0 C:\wamp\www\tongxuelu\protected\yii\framework\web\CWebApplication.php(141): CWebApplication->runController('favicon.ico')
#1 C:\wamp\www\tongxuelu\protected\yii\framework\base\CApplication.php(169): CWebApplication->processRequest()
#2 C:\wamp\www\tongxuelu\index.php(13): CApplication->run()
#3 {main}
REQUEST_URI=/favicon.ico
---
2013/07/08 09:01:53 [error] [exception.CHttpException.404] exception 'CHttpException' with message 'Unable to resolve the request "favicon.ico".' in C:\wamp\www\tongxuelu\protected\yii\framework\web\CWebApplication.php:286
Stack trace:
#0 C:\wamp\www\tongxuelu\protected\yii\framework\web\CWebApplication.php(141): CWebApplication->runController('favicon.ico')
#1 C:\wamp\www\tongxuelu\protected\yii\framework\base\CApplication.php(169): CWebApplication->processRequest()
#2 C:\wamp\www\tongxuelu\index.php(13): CApplication->run()
#3 {main}
REQUEST_URI=/favicon.ico
---
2013/07/09 02:32:07 [error] [exception.CHttpException.404] exception 'CHttpException' with message 'Unable to resolve the request "favicon.ico".' in C:\wamp\www\tongxuelu\protected\yii\framework\web\CWebApplication.php:286
Stack trace:
#0 C:\wamp\www\tongxuelu\protected\yii\framework\web\CWebApplication.php(141): CWebApplication->runController('favicon.ico')
#1 C:\wamp\www\tongxuelu\protected\yii\framework\base\CApplication.php(169): CWebApplication->processRequest()
#2 C:\wamp\www\tongxuelu\index.php(13): CApplication->run()
#3 {main}
REQUEST_URI=/favicon.ico
---
2013/07/09 02:56:42 [error] [exception.CHttpException.404] exception 'CHttpException' with message 'Unable to resolve the request "passport".' in C:\wamp\www\tongxuelu\protected\yii\framework\web\CWebApplication.php:286
Stack trace:
#0 C:\wamp\www\tongxuelu\protected\yii\framework\web\CWebApplication.php(141): CWebApplication->runController('')
#1 C:\wamp\www\tongxuelu\protected\yii\framework\base\CApplication.php(169): CWebApplication->processRequest()
#2 C:\wamp\www\tongxuelu\index.php(13): CApplication->run()
#3 {main}
REQUEST_URI=/
---
2013/07/09 02:56:48 [error] [exception.CHttpException.404] exception 'CHttpException' with message 'Unable to resolve the request "passport".' in C:\wamp\www\tongxuelu\protected\yii\framework\web\CWebApplication.php:286
Stack trace:
#0 C:\wamp\www\tongxuelu\protected\yii\framework\web\CWebApplication.php(141): CWebApplication->runController('')
#1 C:\wamp\www\tongxuelu\protected\yii\framework\base\CApplication.php(169): CWebApplication->processRequest()
#2 C:\wamp\www\tongxuelu\index.php(13): CApplication->run()
#3 {main}
REQUEST_URI=/
---
2013/07/09 02:56:49 [error] [exception.CHttpException.404] exception 'CHttpException' with message 'Unable to resolve the request "passport".' in C:\wamp\www\tongxuelu\protected\yii\framework\web\CWebApplication.php:286
Stack trace:
#0 C:\wamp\www\tongxuelu\protected\yii\framework\web\CWebApplication.php(141): CWebApplication->runController('')
#1 C:\wamp\www\tongxuelu\protected\yii\framework\base\CApplication.php(169): CWebApplication->processRequest()
#2 C:\wamp\www\tongxuelu\index.php(13): CApplication->run()
#3 {main}
REQUEST_URI=/
---
2013/07/09 04:51:06 [error] [exception.CHttpException.404] exception 'CHttpException' with message 'Unable to resolve the request "passport".' in C:\wamp\www\tongxuelu\protected\yii\framework\web\CWebApplication.php:286
Stack trace:
#0 C:\wamp\www\tongxuelu\protected\yii\framework\web\CWebApplication.php(141): CWebApplication->runController('')
#1 C:\wamp\www\tongxuelu\protected\yii\framework\base\CApplication.php(169): CWebApplication->processRequest()
#2 C:\wamp\www\tongxuelu\index.php(13): CApplication->run()
#3 {main}
REQUEST_URI=/
---
2013/07/10 05:57:48 [error] [exception.CHttpException.404] exception 'CHttpException' with message 'Unable to resolve the request "passport".' in C:\wamp\www\tongxuelu\protected\yii\framework\web\CWebApplication.php:286
Stack trace:
#0 C:\wamp\www\tongxuelu\protected\yii\framework\web\CWebApplication.php(141): CWebApplication->runController('')
#1 C:\wamp\www\tongxuelu\protected\yii\framework\base\CApplication.php(169): CWebApplication->processRequest()
#2 C:\wamp\www\tongxuelu\index.php(13): CApplication->run()
#3 {main}
REQUEST_URI=/
---
2013/07/10 05:58:10 [error] [exception.CHttpException.404] exception 'CHttpException' with message 'Unable to resolve the request "passport".' in C:\wamp\www\tongxuelu\protected\yii\framework\web\CWebApplication.php:286
Stack trace:
#0 C:\wamp\www\tongxuelu\protected\yii\framework\web\CWebApplication.php(141): CWebApplication->runController('')
#1 C:\wamp\www\tongxuelu\protected\yii\framework\base\CApplication.php(169): CWebApplication->processRequest()
#2 C:\wamp\www\tongxuelu\index.php(13): CApplication->run()
#3 {main}
REQUEST_URI=/
---
2013/07/10 05:59:23 [error] [exception.CHttpException.404] exception 'CHttpException' with message 'Unable to resolve the request "passport".' in C:\wamp\www\tongxuelu\protected\yii\framework\web\CWebApplication.php:286
Stack trace:
#0 C:\wamp\www\tongxuelu\protected\yii\framework\web\CWebApplication.php(141): CWebApplication->runController('')
#1 C:\wamp\www\tongxuelu\protected\yii\framework\base\CApplication.php(169): CWebApplication->processRequest()
#2 C:\wamp\www\tongxuelu\index.php(13): CApplication->run()
#3 {main}
REQUEST_URI=/
---
2013/07/10 06:16:59 [error] [exception.CHttpException.404] exception 'CHttpException' with message 'Unable to resolve the request "passport".' in C:\wamp\www\tongxuelu\protected\yii\framework\web\CWebApplication.php:286
Stack trace:
#0 C:\wamp\www\tongxuelu\protected\yii\framework\web\CWebApplication.php(141): CWebApplication->runController('')
#1 C:\wamp\www\tongxuelu\protected\yii\framework\base\CApplication.php(169): CWebApplication->processRequest()
#2 C:\wamp\www\tongxuelu\index.php(13): CApplication->run()
#3 {main}
REQUEST_URI=/
---
2013/07/10 06:17:10 [error] [exception.CHttpException.404] exception 'CHttpException' with message 'Unable to resolve the request "passport".' in C:\wamp\www\tongxuelu\protected\yii\framework\web\CWebApplication.php:286
Stack trace:
#0 C:\wamp\www\tongxuelu\protected\yii\framework\web\CWebApplication.php(141): CWebApplication->runController('')
#1 C:\wamp\www\tongxuelu\protected\yii\framework\base\CApplication.php(169): CWebApplication->processRequest()
#2 C:\wamp\www\tongxuelu\index.php(13): CApplication->run()
#3 {main}
REQUEST_URI=/
---
2013/07/10 06:17:13 [error] [exception.CHttpException.404] exception 'CHttpException' with message 'Unable to resolve the request "passport".' in C:\wamp\www\tongxuelu\protected\yii\framework\web\CWebApplication.php:286
Stack trace:
#0 C:\wamp\www\tongxuelu\protected\yii\framework\web\CWebApplication.php(141): CWebApplication->runController('')
#1 C:\wamp\www\tongxuelu\protected\yii\framework\base\CApplication.php(169): CWebApplication->processRequest()
#2 C:\wamp\www\tongxuelu\index.php(13): CApplication->run()
#3 {main}
REQUEST_URI=/
---
2013/07/10 06:17:22 [error] [exception.CHttpException.404] exception 'CHttpException' with message 'Unable to resolve the request "passport".' in C:\wamp\www\tongxuelu\protected\yii\framework\web\CWebApplication.php:286
Stack trace:
#0 C:\wamp\www\tongxuelu\protected\yii\framework\web\CWebApplication.php(141): CWebApplication->runController('')
#1 C:\wamp\www\tongxuelu\protected\yii\framework\base\CApplication.php(169): CWebApplication->processRequest()
#2 C:\wamp\www\tongxuelu\index.php(13): CApplication->run()
#3 {main}
REQUEST_URI=/
---
2013/07/10 06:21:05 [error] [exception.CHttpException.404] exception 'CHttpException' with message 'Unable to resolve the request "test/t".' in C:\wamp\www\tongxuelu\protected\yii\framework\web\CWebApplication.php:286
Stack trace:
#0 C:\wamp\www\tongxuelu\protected\yii\framework\web\CWebApplication.php(141): CWebApplication->runController('test/t')
#1 C:\wamp\www\tongxuelu\protected\yii\framework\base\CApplication.php(169): CWebApplication->processRequest()
#2 C:\wamp\www\tongxuelu\index.php(13): CApplication->run()
#3 {main}
REQUEST_URI=/test/t
---
2013/07/10 06:21:12 [error] [exception.CHttpException.404] exception 'CHttpException' with message 'Unable to resolve the request "test/index".' in C:\wamp\www\tongxuelu\protected\yii\framework\web\CWebApplication.php:286
Stack trace:
#0 C:\wamp\www\tongxuelu\protected\yii\framework\web\CWebApplication.php(141): CWebApplication->runController('test/index')
#1 C:\wamp\www\tongxuelu\protected\yii\framework\base\CApplication.php(169): CWebApplication->processRequest()
#2 C:\wamp\www\tongxuelu\index.php(13): CApplication->run()
#3 {main}
REQUEST_URI=/test/index
---
2013/07/10 06:21:53 [error] [exception.CHttpException.404] exception 'CHttpException' with message 'Unable to resolve the request "test".' in C:\wamp\www\tongxuelu\protected\yii\framework\web\CWebApplication.php:286
Stack trace:
#0 C:\wamp\www\tongxuelu\protected\yii\framework\web\CWebApplication.php(141): CWebApplication->runController('test')
#1 C:\wamp\www\tongxuelu\protected\yii\framework\base\CApplication.php(169): CWebApplication->processRequest()
#2 C:\wamp\www\tongxuelu\index.php(13): CApplication->run()
#3 {main}
REQUEST_URI=/test
---
2013/07/10 06:22:29 [error] [exception.CHttpException.404] exception 'CHttpException' with message 'Unable to resolve the request "test".' in C:\wamp\www\tongxuelu\protected\yii\framework\web\CWebApplication.php:286
Stack trace:
#0 C:\wamp\www\tongxuelu\protected\yii\framework\web\CWebApplication.php(141): CWebApplication->runController('test')
#1 C:\wamp\www\tongxuelu\protected\yii\framework\base\CApplication.php(169): CWebApplication->processRequest()
#2 C:\wamp\www\tongxuelu\index.php(13): CApplication->run()
#3 {main}
REQUEST_URI=/test
---
2013/07/10 06:22:33 [error] [exception.CHttpException.404] exception 'CHttpException' with message 'Unable to resolve the request "test/t".' in C:\wamp\www\tongxuelu\protected\yii\framework\web\CWebApplication.php:286
Stack trace:
#0 C:\wamp\www\tongxuelu\protected\yii\framework\web\CWebApplication.php(141): CWebApplication->runController('test/t')
#1 C:\wamp\www\tongxuelu\protected\yii\framework\base\CApplication.php(169): CWebApplication->processRequest()
#2 C:\wamp\www\tongxuelu\index.php(13): CApplication->run()
#3 {main}
REQUEST_URI=/test/t
---
2013/07/10 06:24:02 [error] [exception.CHttpException.404] exception 'CHttpException' with message 'Unable to resolve the request "test/t".' in C:\wamp\www\tongxuelu\protected\yii\framework\web\CWebApplication.php:286
Stack trace:
#0 C:\wamp\www\tongxuelu\protected\yii\framework\web\CWebApplication.php(141): CWebApplication->runController('test/t')
#1 C:\wamp\www\tongxuelu\protected\yii\framework\base\CApplication.php(169): CWebApplication->processRequest()
#2 C:\wamp\www\tongxuelu\index.php(13): CApplication->run()
#3 {main}
REQUEST_URI=/test/t
---
2013/07/10 06:24:04 [error] [exception.CHttpException.404] exception 'CHttpException' with message 'Unable to resolve the request "test/t".' in C:\wamp\www\tongxuelu\protected\yii\framework\web\CWebApplication.php:286
Stack trace:
#0 C:\wamp\www\tongxuelu\protected\yii\framework\web\CWebApplication.php(141): CWebApplication->runController('test/t')
#1 C:\wamp\www\tongxuelu\protected\yii\framework\base\CApplication.php(169): CWebApplication->processRequest()
#2 C:\wamp\www\tongxuelu\index.php(13): CApplication->run()
#3 {main}
REQUEST_URI=/test/t
---
2013/07/10 06:24:08 [error] [exception.CHttpException.404] exception 'CHttpException' with message 'Unable to resolve the request "test/t".' in C:\wamp\www\tongxuelu\protected\yii\framework\web\CWebApplication.php:286
Stack trace:
#0 C:\wamp\www\tongxuelu\protected\yii\framework\web\CWebApplication.php(141): CWebApplication->runController('test/t')
#1 C:\wamp\www\tongxuelu\protected\yii\framework\base\CApplication.php(169): CWebApplication->processRequest()
#2 C:\wamp\www\tongxuelu\index.php(13): CApplication->run()
#3 {main}
REQUEST_URI=/test/t/
---
2013/07/10 06:24:20 [error] [exception.CHttpException.404] exception 'CHttpException' with message 'Unable to resolve the request "test/ta".' in C:\wamp\www\tongxuelu\protected\yii\framework\web\CWebApplication.php:286
Stack trace:
#0 C:\wamp\www\tongxuelu\protected\yii\framework\web\CWebApplication.php(141): CWebApplication->runController('test/ta')
#1 C:\wamp\www\tongxuelu\protected\yii\framework\base\CApplication.php(169): CWebApplication->processRequest()
#2 C:\wamp\www\tongxuelu\index.php(13): CApplication->run()
#3 {main}
REQUEST_URI=/test/ta/
---
2013/07/10 06:42:28 [error] [exception.CHttpException.404] exception 'CHttpException' with message 'Unable to resolve the request "favicon.ico".' in C:\wamp\www\tongxuelu\protected\yii\framework\web\CWebApplication.php:286
Stack trace:
#0 C:\wamp\www\tongxuelu\protected\yii\framework\web\CWebApplication.php(141): CWebApplication->runController('favicon.ico')
#1 C:\wamp\www\tongxuelu\protected\yii\framework\base\CApplication.php(169): CWebApplication->processRequest()
#2 C:\wamp\www\tongxuelu\index.php(13): CApplication->run()
#3 {main}
REQUEST_URI=/favicon.ico
---
2013/07/15 02:36:24 [error] [exception.CHttpException.404] exception 'CHttpException' with message 'Unable to resolve the request "favicon.ico".' in C:\wamp\www\tongxuelu\protected\yii\framework\web\CWebApplication.php:286
Stack trace:
#0 C:\wamp\www\tongxuelu\protected\yii\framework\web\CWebApplication.php(141): CWebApplication->runController('favicon.ico')
#1 C:\wamp\www\tongxuelu\protected\yii\framework\base\CApplication.php(169): CWebApplication->processRequest()
#2 C:\wamp\www\tongxuelu\index.php(13): CApplication->run()
#3 {main}
REQUEST_URI=/favicon.ico
---
2013/07/22 05:57:54 [error] [exception.CHttpException.404] exception 'CHttpException' with message 'Unable to resolve the request "favicon.ico".' in C:\wamp\www\tongxuelu\protected\yii\framework\web\CWebApplication.php:286
Stack trace:
#0 C:\wamp\www\tongxuelu\protected\yii\framework\web\CWebApplication.php(141): CWebApplication->runController('favicon.ico')
#1 C:\wamp\www\tongxuelu\protected\yii\framework\base\CApplication.php(169): CWebApplication->processRequest()
#2 C:\wamp\www\tongxuelu\index.php(13): CApplication->run()
#3 {main}
REQUEST_URI=/favicon.ico
---
2013/07/22 09:27:38 [error] [exception.CException] exception 'CException' with message 'CAssetManager.basePath "C:\wamp\www\tongxuelu\assets" is invalid. Please make sure the directory exists and is writable by the Web server process.' in C:\wamp\www\tongxuelu\protected\yii\framework\web\CAssetManager.php:138
Stack trace:
#0 C:\wamp\www\tongxuelu\protected\yii\framework\web\CAssetManager.php(123): CAssetManager->setBasePath('C:\wamp\www\ton...')
#1 C:\wamp\www\tongxuelu\protected\yii\framework\web\CAssetManager.php(217): CAssetManager->getBasePath()
#2 C:\wamp\www\tongxuelu\protected\yii\framework\gii\GiiModule.php(142): CAssetManager->publish('C:\wamp\www\ton...')
#3 C:\wamp\www\tongxuelu\protected\yii\framework\base\CComponent.php(111): GiiModule->getAssetsUrl()
#4 C:\wamp\www\tongxuelu\protected\yii\framework\base\CModule.php(105): CComponent->__get('assetsUrl')
#5 C:\wamp\www\tongxuelu\protected\yii\framework\gii\views\layouts\main.php(5): CModule->__get('assetsUrl')
#6 C:\wamp\www\tongxuelu\protected\yii\framework\web\CBaseController.php(126): require('C:\wamp\www\ton...')
#7 C:\wamp\www\tongxuelu\protected\yii\framework\web\CBaseController.php(95): CBaseController->renderInternal('C:\wamp\www\ton...', Array, true)
#8 C:\wamp\www\tongxuelu\protected\yii\framework\web\widgets\CContentDecorator.php(76): CBaseController->renderFile('C:\wamp\www\ton...', Array, true)
#9 C:\wamp\www\tongxuelu\protected\yii\framework\web\widgets\CContentDecorator.php(54): CContentDecorator->decorate('<div class="con...')
#10 C:\wamp\www\tongxuelu\protected\yii\framework\web\widgets\COutputProcessor.php(44): CContentDecorator->processOutput('<div class="con...')
#11 C:\wamp\www\tongxuelu\protected\yii\framework\web\CBaseController.php(206): COutputProcessor->run()
#12 C:\wamp\www\tongxuelu\protected\yii\framework\web\CBaseController.php(300): CBaseController->endWidget('CContentDecorat...')
#13 C:\wamp\www\tongxuelu\protected\yii\framework\gii\views\layouts\column1.php(7): CBaseController->endContent()
#14 C:\wamp\www\tongxuelu\protected\yii\framework\web\CBaseController.php(126): require('C:\wamp\www\ton...')
#15 C:\wamp\www\tongxuelu\protected\yii\framework\web\CBaseController.php(95): CBaseController->renderInternal('C:\wamp\www\ton...', Array, true)
#16 C:\wamp\www\tongxuelu\protected\yii\framework\web\CController.php(784): CBaseController->renderFile('C:\wamp\www\ton...', Array, true)
#17 C:\wamp\www\tongxuelu\protected\yii\framework\gii\controllers\DefaultController.php(47): CController->render('login', Array)
#18 C:\wamp\www\tongxuelu\protected\yii\framework\web\actions\CInlineAction.php(49): DefaultController->actionLogin()
#19 C:\wamp\www\tongxuelu\protected\yii\framework\web\CController.php(308): CInlineAction->runWithParams(Array)
#20 C:\wamp\www\tongxuelu\protected\yii\framework\web\CController.php(286): CController->runAction(Object(CInlineAction))
#21 C:\wamp\www\tongxuelu\protected\yii\framework\web\CController.php(265): CController->runActionWithFilters(Object(CInlineAction), Array)
#22 C:\wamp\www\tongxuelu\protected\yii\framework\web\CWebApplication.php(282): CController->run('login')
#23 C:\wamp\www\tongxuelu\protected\yii\framework\web\CWebApplication.php(141): CWebApplication->runController('gii/default/log...')
#24 C:\wamp\www\tongxuelu\protected\yii\framework\base\CApplication.php(169): CWebApplication->processRequest()
#25 C:\wamp\www\tongxuelu\index.php(13): CApplication->run()
#26 {main}
REQUEST_URI=/gii/default/login
---
2013/07/22 09:29:22 [error] [system.db.CDbCommand] CDbCommand::fetchAll() failed: SQLSTATE[42S02]: Base table or view not found: 1146 Table 'amleaf_production_plan.t_user' doesn't exist. The SQL statement executed was: SHOW FULL COLUMNS FROM `t_user`.
in C:\wamp\www\tongxuelu\index.php (13)
2013/07/22 09:37:15 [error] [system.db.CDbCommand] CDbCommand::fetchAll() failed: SQLSTATE[42S02]: Base table or view not found: 1146 Table 'tongxuelu.user' doesn't exist. The SQL statement executed was: SHOW FULL COLUMNS FROM `user`.
in C:\wamp\www\tongxuelu\index.php (13)
